2026-07-14 12:17:10 [DEBUG] urllib3.util.retry: Converted retries value: 3 -> Retry(total=3, connect=None, read=None, redirect=None, status=None)
2026-07-14 12:17:10 [DEBUG] urllib3.connectionpool: Starting new HTTPS connection (1): oauth2.googleapis.com:443
2026-07-14 12:17:10 [DEBUG] urllib3.connectionpool: https://oauth2.googleapis.com:443 "POST /token HTTP/1.1" 200 None
2026-07-14 12:17:10 [DEBUG] urllib3.connectionpool: Starting new HTTPS connection (1): iamcredentials.googleapis.com:443
2026-07-14 12:17:10 [DEBUG] urllib3.connectionpool: Starting new HTTPS connection (1): sheets.googleapis.com:443
2026-07-14 12:17:10 [DEBUG] urllib3.connectionpool: https://iamcredentials.googleapis.com:443 "GET /v1/projects/-/serviceAccounts/avshilov995@ambient-sum-444611-f9.iam.gserviceaccount.com/allowedLocations HTTP/1.1" 200 None
2026-07-14 12:17:10 [DEBUG] urllib3.connectionpool: https://sheets.googleapis.com:443 "GET /v4/spreadsheets/1fkn3Yddjv5qqkiI4Oz1WXYTe5hWciHktJHPM23NzAbE?includeGridData=false HTTP/1.1" 200 None
2026-07-14 12:17:11 [DEBUG] urllib3.connectionpool: https://sheets.googleapis.com:443 "GET /v4/spreadsheets/1fkn3Yddjv5qqkiI4Oz1WXYTe5hWciHktJHPM23NzAbE?includeGridData=false HTTP/1.1" 200 None
2026-07-14 12:17:12 [DEBUG] urllib3.connectionpool: https://sheets.googleapis.com:443 "GET /v4/spreadsheets/1fkn3Yddjv5qqkiI4Oz1WXYTe5hWciHktJHPM23NzAbE?includeGridData=false HTTP/1.1" 200 None
2026-07-14 12:17:12 [DEBUG] urllib3.connectionpool: https://sheets.googleapis.com:443 "GET /v4/spreadsheets/1fkn3Yddjv5qqkiI4Oz1WXYTe5hWciHktJHPM23NzAbE?includeGridData=false HTTP/1.1" 200 None
2026-07-14 12:17:12 [DEBUG] urllib3.connectionpool: https://sheets.googleapis.com:443 "GET /v4/spreadsheets/1fkn3Yddjv5qqkiI4Oz1WXYTe5hWciHktJHPM23NzAbE?includeGridData=false HTTP/1.1" 200 None
2026-07-14 12:17:14 [DEBUG] urllib3.connectionpool: https://sheets.googleapis.com:443 "GET /v4/spreadsheets/1fkn3Yddjv5qqkiI4Oz1WXYTe5hWciHktJHPM23NzAbE/values/%27%D0%9E%D1%82%D0%B3%D1%80%D1%83%D0%B6%D0%B5%D0%BD%D0%BE%27?valueRenderOption=UNFORMATTED_VALUE HTTP/1.1" 200 None
2026-07-14 12:17:14 [INFO] download_google_table_json: Лист 'Отгружено': 4639 строк, 40 колонок
2026-07-14 12:17:15 [DEBUG] urllib3.connectionpool: https://sheets.googleapis.com:443 "GET /v4/spreadsheets/1fkn3Yddjv5qqkiI4Oz1WXYTe5hWciHktJHPM23NzAbE/values/%27%D0%9A%D0%BE%D0%BD%D1%82%D1%80%D0%BE%D0%BB%D1%8C%D0%BD%D1%8B%D0%B9%20%D0%B4%D0%B8%D0%B0%D0%BF%D0%B0%D0%B7%D0%BE%D0%BD%27?valueRenderOption=UNFORMATTED_VALUE HTTP/1.1" 200 None
2026-07-14 12:17:15 [INFO] download_google_table_json: Лист 'Контрольный диапазон': 0 строк, 39 колонок
2026-07-14 12:17:16 [DEBUG] urllib3.connectionpool: https://sheets.googleapis.com:443 "GET /v4/spreadsheets/1fkn3Yddjv5qqkiI4Oz1WXYTe5hWciHktJHPM23NzAbE/values/%27%D0%93%D0%BE%D1%82%D0%BE%D0%B2%D0%B8%D1%82%D1%81%D1%8F%20%D0%BA%20%D0%BE%D1%82%D0%B3%D1%80%D1%83%D0%B7%D0%BA%D0%B5%27?valueRenderOption=UNFORMATTED_VALUE HTTP/1.1" 200 None
2026-07-14 12:17:16 [INFO] download_google_table_json: Лист 'Готовится к отгрузке': 63 строк, 39 колонок
2026-07-14 12:17:17 [DEBUG] urllib3.connectionpool: https://sheets.googleapis.com:443 "GET /v4/spreadsheets/1fkn3Yddjv5qqkiI4Oz1WXYTe5hWciHktJHPM23NzAbE/values/%27%D0%97%D0%B0%D1%8F%D0%B2%D0%BA%D0%B8%27?valueRenderOption=UNFORMATTED_VALUE HTTP/1.1" 200 None
2026-07-14 12:17:17 [INFO] download_google_table_json: Лист 'Заявки': 2 строк, 39 колонок
2026-07-14 12:17:17 [INFO] download_google_table_json: Всего скачано строк по всем листам: 4704
2026-07-14 12:17:17 [INFO] download_google_table_json: Локальная база обновлена: base_data.json
2026-07-14 12:17:17 [INFO] download_google_table_json: Информация об обновлении записана: update_base_info.json
2026-07-14 12:17:33 [DEBUG] urllib3.util.retry: Converted retries value: 3 -> Retry(total=3, connect=None, read=None, redirect=None, status=None)
2026-07-14 12:17:33 [DEBUG] urllib3.connectionpool: Starting new HTTPS connection (1): oauth2.googleapis.com:443
2026-07-14 12:17:34 [DEBUG] urllib3.connectionpool: https://oauth2.googleapis.com:443 "POST /token HTTP/1.1" 200 None
2026-07-14 12:17:34 [DEBUG] urllib3.connectionpool: Starting new HTTPS connection (1): sheets.googleapis.com:443
2026-07-14 12:17:34 [DEBUG] urllib3.connectionpool: Starting new HTTPS connection (1): iamcredentials.googleapis.com:443
2026-07-14 12:17:34 [DEBUG] urllib3.connectionpool: https://iamcredentials.googleapis.com:443 "GET /v1/projects/-/serviceAccounts/avshilov995@ambient-sum-444611-f9.iam.gserviceaccount.com/allowedLocations HTTP/1.1" 200 None
2026-07-14 12:17:35 [DEBUG] urllib3.connectionpool: https://sheets.googleapis.com:443 "GET /v4/spreadsheets/1fkn3Yddjv5qqkiI4Oz1WXYTe5hWciHktJHPM23NzAbE?includeGridData=false HTTP/1.1" 200 None
2026-07-14 12:17:36 [DEBUG] urllib3.connectionpool: https://sheets.googleapis.com:443 "GET /v4/spreadsheets/1fkn3Yddjv5qqkiI4Oz1WXYTe5hWciHktJHPM23NzAbE?includeGridData=false HTTP/1.1" 200 None
2026-07-14 12:17:37 [DEBUG] urllib3.connectionpool: https://sheets.googleapis.com:443 "GET /v4/spreadsheets/1fkn3Yddjv5qqkiI4Oz1WXYTe5hWciHktJHPM23NzAbE?includeGridData=false HTTP/1.1" 200 None
2026-07-14 12:17:38 [DEBUG] urllib3.connectionpool: https://sheets.googleapis.com:443 "GET /v4/spreadsheets/1fkn3Yddjv5qqkiI4Oz1WXYTe5hWciHktJHPM23NzAbE?includeGridData=false HTTP/1.1" 200 None
2026-07-14 12:17:38 [DEBUG] urllib3.connectionpool: https://sheets.googleapis.com:443 "GET /v4/spreadsheets/1fkn3Yddjv5qqkiI4Oz1WXYTe5hWciHktJHPM23NzAbE?includeGridData=false HTTP/1.1" 200 None
2026-07-14 12:17:40 [DEBUG] urllib3.connectionpool: https://sheets.googleapis.com:443 "GET /v4/spreadsheets/1fkn3Yddjv5qqkiI4Oz1WXYTe5hWciHktJHPM23NzAbE/values/%27%D0%9E%D1%82%D0%B3%D1%80%D1%83%D0%B6%D0%B5%D0%BD%D0%BE%27?valueRenderOption=UNFORMATTED_VALUE HTTP/1.1" 200 None
2026-07-14 12:17:40 [INFO] download_google_table_json: Лист 'Отгружено': 4639 строк, 40 колонок
2026-07-14 12:17:41 [DEBUG] urllib3.connectionpool: https://sheets.googleapis.com:443 "GET /v4/spreadsheets/1fkn3Yddjv5qqkiI4Oz1WXYTe5hWciHktJHPM23NzAbE/values/%27%D0%9A%D0%BE%D0%BD%D1%82%D1%80%D0%BE%D0%BB%D1%8C%D0%BD%D1%8B%D0%B9%20%D0%B4%D0%B8%D0%B0%D0%BF%D0%B0%D0%B7%D0%BE%D0%BD%27?valueRenderOption=UNFORMATTED_VALUE HTTP/1.1" 200 None
2026-07-14 12:17:41 [INFO] download_google_table_json: Лист 'Контрольный диапазон': 0 строк, 39 колонок
2026-07-14 12:17:42 [DEBUG] urllib3.connectionpool: https://sheets.googleapis.com:443 "GET /v4/spreadsheets/1fkn3Yddjv5qqkiI4Oz1WXYTe5hWciHktJHPM23NzAbE/values/%27%D0%93%D0%BE%D1%82%D0%BE%D0%B2%D0%B8%D1%82%D1%81%D1%8F%20%D0%BA%20%D0%BE%D1%82%D0%B3%D1%80%D1%83%D0%B7%D0%BA%D0%B5%27?valueRenderOption=UNFORMATTED_VALUE HTTP/1.1" 200 None
2026-07-14 12:17:42 [INFO] download_google_table_json: Лист 'Готовится к отгрузке': 63 строк, 39 колонок
2026-07-14 12:17:43 [DEBUG] urllib3.connectionpool: https://sheets.googleapis.com:443 "GET /v4/spreadsheets/1fkn3Yddjv5qqkiI4Oz1WXYTe5hWciHktJHPM23NzAbE/values/%27%D0%97%D0%B0%D1%8F%D0%B2%D0%BA%D0%B8%27?valueRenderOption=UNFORMATTED_VALUE HTTP/1.1" 200 None
2026-07-14 12:17:43 [INFO] download_google_table_json: Лист 'Заявки': 2 строк, 39 колонок
2026-07-14 12:17:43 [INFO] download_google_table_json: Всего скачано строк по всем листам: 4704
2026-07-14 12:17:43 [INFO] download_google_table_json: Локальная база обновлена: base_data.json
2026-07-14 12:17:43 [INFO] download_google_table_json: Информация об обновлении записана: update_base_info.json
2026-07-14 12:19:44 [DEBUG] urllib3.util.retry: Converted retries value: 3 -> Retry(total=3, connect=None, read=None, redirect=None, status=None)
2026-07-14 12:19:44 [DEBUG] urllib3.connectionpool: Starting new HTTPS connection (1): oauth2.googleapis.com:443
2026-07-14 12:19:44 [DEBUG] urllib3.connectionpool: https://oauth2.googleapis.com:443 "POST /token HTTP/1.1" 200 None
2026-07-14 12:19:44 [DEBUG] urllib3.connectionpool: Starting new HTTPS connection (1): iamcredentials.googleapis.com:443
2026-07-14 12:19:44 [DEBUG] urllib3.connectionpool: Starting new HTTPS connection (1): sheets.googleapis.com:443
2026-07-14 12:19:44 [DEBUG] urllib3.connectionpool: https://iamcredentials.googleapis.com:443 "GET /v1/projects/-/serviceAccounts/avshilov995@ambient-sum-444611-f9.iam.gserviceaccount.com/allowedLocations HTTP/1.1" 200 None
2026-07-14 12:19:45 [DEBUG] urllib3.connectionpool: https://sheets.googleapis.com:443 "GET /v4/spreadsheets/1fkn3Yddjv5qqkiI4Oz1WXYTe5hWciHktJHPM23NzAbE?includeGridData=false HTTP/1.1" 200 None
2026-07-14 12:19:45 [DEBUG] urllib3.connectionpool: https://sheets.googleapis.com:443 "GET /v4/spreadsheets/1fkn3Yddjv5qqkiI4Oz1WXYTe5hWciHktJHPM23NzAbE?includeGridData=false HTTP/1.1" 200 None
2026-07-14 12:19:45 [DEBUG] urllib3.connectionpool: https://sheets.googleapis.com:443 "GET /v4/spreadsheets/1fkn3Yddjv5qqkiI4Oz1WXYTe5hWciHktJHPM23NzAbE?includeGridData=false HTTP/1.1" 200 None
2026-07-14 12:19:46 [DEBUG] urllib3.connectionpool: https://sheets.googleapis.com:443 "GET /v4/spreadsheets/1fkn3Yddjv5qqkiI4Oz1WXYTe5hWciHktJHPM23NzAbE?includeGridData=false HTTP/1.1" 200 None
2026-07-14 12:19:46 [DEBUG] urllib3.connectionpool: https://sheets.googleapis.com:443 "GET /v4/spreadsheets/1fkn3Yddjv5qqkiI4Oz1WXYTe5hWciHktJHPM23NzAbE?includeGridData=false HTTP/1.1" 200 None
2026-07-14 12:19:47 [DEBUG] urllib3.connectionpool: https://sheets.googleapis.com:443 "GET /v4/spreadsheets/1fkn3Yddjv5qqkiI4Oz1WXYTe5hWciHktJHPM23NzAbE/values/%27%D0%9E%D1%82%D0%B3%D1%80%D1%83%D0%B6%D0%B5%D0%BD%D0%BE%27?valueRenderOption=UNFORMATTED_VALUE HTTP/1.1" 200 None
2026-07-14 12:19:49 [DEBUG] urllib3.connectionpool: https://sheets.googleapis.com:443 "GET /v4/spreadsheets/1fkn3Yddjv5qqkiI4Oz1WXYTe5hWciHktJHPM23NzAbE/values/%27%D0%9A%D0%BE%D0%BD%D1%82%D1%80%D0%BE%D0%BB%D1%8C%D0%BD%D1%8B%D0%B9%20%D0%B4%D0%B8%D0%B0%D0%BF%D0%B0%D0%B7%D0%BE%D0%BD%27?valueRenderOption=UNFORMATTED_VALUE HTTP/1.1" 200 None
2026-07-14 12:19:49 [DEBUG] urllib3.connectionpool: https://sheets.googleapis.com:443 "GET /v4/spreadsheets/1fkn3Yddjv5qqkiI4Oz1WXYTe5hWciHktJHPM23NzAbE/values/%27%D0%93%D0%BE%D1%82%D0%BE%D0%B2%D0%B8%D1%82%D1%81%D1%8F%20%D0%BA%20%D0%BE%D1%82%D0%B3%D1%80%D1%83%D0%B7%D0%BA%D0%B5%27?valueRenderOption=UNFORMATTED_VALUE HTTP/1.1" 200 None
2026-07-14 12:19:50 [DEBUG] urllib3.connectionpool: https://sheets.googleapis.com:443 "GET /v4/spreadsheets/1fkn3Yddjv5qqkiI4Oz1WXYTe5hWciHktJHPM23NzAbE/values/%27%D0%97%D0%B0%D1%8F%D0%B2%D0%BA%D0%B8%27?valueRenderOption=UNFORMATTED_VALUE HTTP/1.1" 200 None
2026-07-14 12:19:51 [INFO] download_google_table_json: Локальная база обновлена: base_data.json
